02/05/2023 01:03:22 AM Starting
02/05/2023 01:03:22 AM Initializing
02/05/2023 01:03:22 AM Connecting to database
02/05/2023 01:03:22 AM Creating Twilio client
02/05/2023 01:03:22 AM Querying database
02/05/2023 01:03:22 AM Executing query
02/05/2023 01:03:22 AM Could not execute query
02/05/2023 01:03:58 AM Starting
02/05/2023 01:03:58 AM Initializing
02/05/2023 01:03:58 AM Connecting to database
02/05/2023 01:03:58 AM Creating Twilio client
02/05/2023 01:03:58 AM Querying database
02/05/2023 01:03:58 AM Executing query
02/05/2023 01:04:52 AM Starting
02/05/2023 01:04:52 AM Initializing
02/05/2023 01:04:52 AM Connecting to database
02/05/2023 01:04:52 AM Creating Twilio client
02/05/2023 01:04:52 AM Querying database
02/05/2023 01:04:52 AM Executing query
02/05/2023 01:04:52 AM Could not execute query
02/05/2023 01:05:12 AM Starting
02/05/2023 01:05:12 AM Initializing
02/05/2023 01:05:12 AM Connecting to database
02/05/2023 01:05:12 AM Creating Twilio client
02/05/2023 01:05:12 AM Querying database
02/05/2023 01:05:12 AM Executing query
02/05/2023 01:06:36 AM Starting
02/05/2023 01:06:36 AM Initializing
02/05/2023 01:06:36 AM Connecting to database
02/05/2023 01:06:36 AM Creating Twilio client
02/05/2023 01:06:36 AM Querying database
02/05/2023 01:06:36 AM Executing query
02/05/2023 01:07:05 AM Starting
02/05/2023 01:07:05 AM Initializing
02/05/2023 01:07:05 AM Connecting to database
02/05/2023 01:07:05 AM Creating Twilio client
02/05/2023 01:07:05 AM Querying database
02/05/2023 01:07:05 AM Executing query
